c:\users\joshua\game03\midstone2022\libs\renderer\x64\debug\renderer.pdb
c:\users\joshua\game03\midstone2022\libs\renderer\x64\debug\renderer.idb
c:\users\joshua\game03\midstone2022\libs\renderer\intermediates\x64\debug\renderskybox.obj
c:\users\joshua\game03\midstone2022\libs\renderer\intermediates\x64\debug\rendershader.obj
c:\users\joshua\game03\midstone2022\libs\renderer\intermediates\x64\debug\renderer.obj
c:\users\joshua\game03\midstone2022\libs\renderer\intermediates\x64\debug\rendermesh.obj
c:\users\joshua\game03\midstone2022\libs\renderer\intermediates\x64\debug\rendermaterial.obj
c:\users\joshua\game03\midstone2022\libs\renderer\intermediates\x64\debug\rendercamera.obj
c:\users\joshua\game03\midstone2022\libs\renderer\intermediates\x64\debug\gizmos.obj
c:\users\joshua\game03\midstone2022\libs\renderer\intermediates\x64\debug\text.obj
c:\dev\squeakyengine\libs\renderer\x64\debug\renderer.pdb
c:\dev\squeakyengine\libs\renderer\x64\debug\renderer.idb
c:\dev\squeakyengine\libs\renderer\intermediates\x64\debug\text.obj
c:\dev\squeakyengine\libs\renderer\intermediates\x64\debug\renderer.obj
c:\dev\squeakyengine\libs\renderer\intermediates\x64\debug\renderskybox.obj
c:\dev\squeakyengine\libs\renderer\intermediates\x64\debug\rendershader.obj
c:\dev\squeakyengine\libs\renderer\intermediates\x64\debug\rendermesh.obj
c:\dev\squeakyengine\libs\renderer\intermediates\x64\debug\rendermaterial.obj
c:\dev\squeakyengine\libs\renderer\intermediates\x64\debug\rendercamera.obj
c:\dev\squeakyengine\libs\renderer\intermediates\x64\debug\gizmos.obj
c:\dev\squeakyengine\libs\renderer\intermediates\x64\debug\renderobject.obj
c:\dev\squeakyengine\libs\renderer\intermediates\x64\debug\rendertexture.obj
c:\users\joshua\game03\midstone2022\libs\renderer\x64\debug\renderer.lib
c:\dev\squeakyengine\libs\renderer\x64\debug\renderer.lib
c:\dev\squeakyengine\libs\renderer\intermediates\x64\debug\renderer.vcxproj.filelistabsolute.txt
c:\dev\squeakyengine\libs\renderer\intermediates\x64\debug\renderer.tlog\cl.command.1.tlog
c:\dev\squeakyengine\libs\renderer\intermediates\x64\debug\renderer.tlog\cl.read.1.tlog
c:\dev\squeakyengine\libs\renderer\intermediates\x64\debug\renderer.tlog\cl.write.1.tlog
c:\dev\squeakyengine\libs\renderer\intermediates\x64\debug\renderer.tlog\lib-link.read.1.tlog
c:\dev\squeakyengine\libs\renderer\intermediates\x64\debug\renderer.tlog\lib-link.write.1.tlog
c:\dev\squeakyengine\libs\renderer\intermediates\x64\debug\renderer.tlog\lib.command.1.tlog
