c:\dev\squeakyengine\lunar\x64\debug\vc143.pdb
c:\dev\squeakyengine\lunar\x64\debug\vc143.idb
c:\users\joshua\game03\midstone2022\lunar\x64\debug\vc143.pdb
c:\users\joshua\game03\midstone2022\lunar\x64\debug\vc143.idb
c:\users\joshua\game03\midstone2022\lunar\x64\debug\controller.obj
c:\users\joshua\game03\midstone2022\lunar\x64\debug\scene2.obj
c:\users\joshua\game03\midstone2022\lunar\x64\debug\scene1.obj
c:\users\joshua\game03\midstone2022\lunar\x64\debug\lunar.obj
c:\users\joshua\game03\midstone2022\lunar\x64\debug\scene0.obj
c:\users\joshua\game03\midstone2022\lunar\x64\debug\controllerphysics.obj
c:\users\joshua\game03\midstone2022\lunar\x64\debug\entity.obj
c:\users\joshua\game03\midstone2022\lunar\x64\debug\player.obj
c:\users\joshua\game03\midstone2022\lunar\x64\debug\enemy.obj
c:\dev\squeakyengine\x64\debug\lunar.exe
c:\dev\squeakyengine\lunar\x64\debug\lunar.ilk
c:\dev\squeakyengine\x64\debug\lunar.pdb
c:\users\joshua\game03\midstone2022\lunar\x64\debug\enemycontroller.obj
c:\users\joshua\game03\midstone2022\lunar\x64\debug\spawner.obj
c:\users\joshua\game03\midstone2022\x64\debug\lunar.pdb
c:\users\joshua\game03\midstone2022\lunar\x64\debug\lunar.tlog\cl.command.1.tlog
c:\users\joshua\game03\midstone2022\lunar\x64\debug\lunar.tlog\cl.read.1.tlog
c:\users\joshua\game03\midstone2022\lunar\x64\debug\lunar.tlog\cl.write.1.tlog
c:\users\joshua\game03\midstone2022\lunar\x64\debug\lunar.tlog\link-cvtres.read.1.tlog
c:\users\joshua\game03\midstone2022\lunar\x64\debug\lunar.tlog\link-cvtres.write.1.tlog
c:\users\joshua\game03\midstone2022\lunar\x64\debug\lunar.tlog\link-rc.read.1.tlog
c:\users\joshua\game03\midstone2022\lunar\x64\debug\lunar.tlog\link-rc.write.1.tlog
c:\users\joshua\game03\midstone2022\lunar\x64\debug\lunar.tlog\link.34912-cvtres.read.1.tlog
c:\users\joshua\game03\midstone2022\lunar\x64\debug\lunar.tlog\link.34912-cvtres.write.1.tlog
c:\users\joshua\game03\midstone2022\lunar\x64\debug\lunar.tlog\link.34912-rc.read.1.tlog
c:\users\joshua\game03\midstone2022\lunar\x64\debug\lunar.tlog\link.34912-rc.write.1.tlog
c:\users\joshua\game03\midstone2022\lunar\x64\debug\lunar.tlog\link.34912.read.1.tlog
c:\users\joshua\game03\midstone2022\lunar\x64\debug\lunar.tlog\link.34912.read.2.tlog
c:\users\joshua\game03\midstone2022\lunar\x64\debug\lunar.tlog\link.34912.write.1.tlog
c:\users\joshua\game03\midstone2022\lunar\x64\debug\lunar.tlog\link.command.1.tlog
c:\users\joshua\game03\midstone2022\lunar\x64\debug\lunar.tlog\link.read.1.tlog
c:\users\joshua\game03\midstone2022\lunar\x64\debug\lunar.tlog\link.read.2.tlog
c:\users\joshua\game03\midstone2022\lunar\x64\debug\lunar.tlog\link.write.1.tlog
